Arguments: 
  D:\theDevelopTools\node-js\node.exe D:\theDevelopTools\Yarn\bin\yarn.js add vite-plugin-style-import@1.4.1 -D

PATH: 
  C:\Program Files\Common Files\Oracle\Java\javapath;C:\Program Files (x86)\Common Files\Oracle\Java\javapath;D:\theWinApps\secureCRT8.3\;C:\ProgramData\Oracle\Java\javapath;C:\WINDOWS\system32;C:\WINDOWS;C:\WINDOWS\System32\Wbem;C:\WINDOWS\System32\WindowsPowerShell\v1.0\;C:\WINDOWS\System32\OpenSSH\;D:\theWinApps\TortosizeSVN\bin;D:\theDevelopTools\MySQL\bin;C:\Program Files (x86)\PuTTY\;D:\theWinApps\Pandoc\;D:\theDeveloping\Git\cmd;E:\gradle-7.0.1\bin;D:\theDevelopTools\node-js\;D:\theDevelopTools\Yarn\bin\;C:\Users\pitt1\.app\;C:\Users\pitt1\AppData\Local\Microsoft\WindowsApps;"C:\Program Files\Java\jdk1.8.0_121\bin;C:\Program Files\Java\jdk1.8.0_121\jre\bin";D:\theDeveloping\maven\apache-maven-3.6.3\bin;D:\theDevelopTools\Microsoft VS Code\bin;C:\Program Files (x86)\TACACS.net\;D:\theDevelopTools\tacas\;C:\Users\pitt1\AppData\Local\Programs\Fiddler;C:\Users\pitt1\AppData\Local\Microsoft\WindowsApps;D:\theDevelopTools\Jetbrains\WebStorm 2021.3.3\bin;;C:\Users\pitt1\AppData\Roaming\npm;D:\theDevelopTools\Yarn\bin\;;E:\valieva-code\yupi-code\system\partner-match\partner-match-frontend\node_modules\.bin

Yarn version: 
  1.22.15

Node version: 
  16.15.0

Platform: 
  win32 x64

Trace: 
  Error: EPERM: operation not permitted, unlink 'E:\valieva-code\yupi-code\system\partner-match\partner-match-frontend\node_modules\esbuild-windows-64\esbuild.exe'

npm manifest: 
  {
    "name": "partner-match-frontend",
    "private": true,
    "version": "0.0.0",
    "scripts": {
      "dev": "vite",
      "build": "vue-tsc --noEmit && vite build",
      "preview": "vite preview"
    },
    "dependencies": {
      "vant": "^3.5.2",
      "vue": "^3.2.25"
    },
    "devDependencies": {
      "@vitejs/plugin-vue": "^2.3.3",
      "typescript": "^4.5.4",
      "vite": "^2.9.9",
      "vite-plugin-style-import": "^1.4.1",
      "vue-tsc": "^0.34.7"
    }
  }

yarn manifest: 
  No manifest

Lockfile: 
  No lockfile
